[LOG] System::create                           : Header version = 2.02.18. Current version = 2.02.18.
[LOG] Manager::init                            : maxchannels = 256 studioflags = 00000006 flags 00000000 extradriverdata 0000000000000000.
[LOG] SystemI::init                            : Initialize version=20218 (137105), maxchannels=256, flags=0x00020000
[LOG] SystemI::setOutputInternal               : Setting output to 'FMOD WASAPI Output'
[LOG] OutputWASAPI::init                       : Mix Format (WAVEFORMATEX): wFormatTag=0xFFFE, nChannels=2, nSamplesPerSec=48000, nAvgBytesPerSec=384000, nBlockAlign=8, wBitsPerSample=32, cbSize=22.
[LOG] OutputWASAPI::init                       : Mix Format (WAVEFORMATEXTENSIBLE): wValidBitsPerSample=32, dwChannelMask=0x00000003, SubFormat=00000003-0000-0010-8000-00AA00389B71.
[LOG] OutputWASAPI::init                       : Output buffer size: 4096 samples, latency: 0.00ms, period: 10.00ms, DSP buffer: 1024 * 4
[LOG] Thread::initThread                       : Init FMOD stream thread. Affinity: 0x4000000000000003, Priority: 0xFFFF7FFB, Stack Size: 98304, Semaphore: No, Sleep Time: 10, Looping: Yes.
[LOG] Thread::initThread                       : Init FMOD mixer thread. Affinity: 0x4000000000000001, Priority: 0xFFFF7FFA, Stack Size: 81920, Semaphore: No, Sleep Time: 0, Looping: Yes.
[LOG] AsyncManager::init                       : manager 000001213FD2C838 isAsync 0 updatePeriod 0.02
[LOG] AsyncManager::init                       : done
[LOG] PlaybackSystem::init                     : 
[LOG] Thread::initThread                       : Init FMOD Studio sample load thread. Affinity: 0x4000000000000003, Priority: 0xFFFF7FFD, Stack Size: 98304, Semaphore: No, Sleep Time: 1, Looping: No.
[LOG] PlaybackSystem::init                     : done
[LOG] Thread::initThread                       : Init FMOD Studio bank load thread. Affinity: 0x4000000000000003, Priority: 0xFFFF7FFD, Stack Size: 98304, Semaphore: No, Sleep Time: 1, Looping: No.
[LOG] Manager::init                            : done.
[LOG] Manager::readBank                        : fileversion = 142, compatVersion = 140 (oldest = 44, newest = 142)
[LOG] Manager::readBank                        : fileversion = 142, compatVersion = 140 (oldest = 44, newest = 142)
[LOG] Manager::readBank                        : fileversion = 142, compatVersion = 140 (oldest = 44, newest = 142)
[LOG] Manager::readBank                        : fileversion = 142, compatVersion = 140 (oldest = 44, newest = 142)
[LOG] PlaybackSystem::acquireMasterBus         : Setting master channel group format to 6
[LOG] SoundI::release                          : FÄME_angry audience_Trombones (000001215C781F08)
[LOG] SoundI::release                          :     FÄME_angry audience_Trombones (000001206811D8B8)
[LOG] SoundI::release                          :     FÄME_angry audience_Trombones (000001215C782C88)
[LOG] SoundI::release                          : FÄME_angry audience_Male choir (000001215C781BA8)
[LOG] SoundI::release                          :     FÄME_angry audience_Male choir (000001206811D3D8)
[LOG] SoundI::release                          :     FÄME_angry audience_Male choir (000001215C7851A8)
[LOG] SoundI::release                          : FÄME_angry audience_Tuba (000001215C7814E8)
[LOG] SoundI::release                          :     FÄME_angry audience_Tuba (000001206811AE78)
[LOG] SoundI::release                          :     FÄME_angry audience_Tuba (000001215C7840C8)
[LOG] SoundI::release                          : FÄME_angry audience_Tenor Drum II (000001215C77D9D8)
[LOG] SoundI::release                          :     FÄME_angry audience_Tenor Drum II (000001206811A178)
[LOG] SoundI::release                          :     FÄME_angry audience_Tenor Drum II (000001215C77C088)
[LOG] SoundI::release                          : FÄME_angry audience_Basstrombone (000001215C77F9E8)
[LOG] SoundI::release                          :     FÄME_angry audience_Basstrombone (0000012068119FD8)
[LOG] SoundI::release                          :     FÄME_angry audience_Basstrombone (000001215C782928)
[LOG] SoundI::release                          : FÄME_angry audience_Tenor Drum I (000001215C780C78)
[LOG] SoundI::release                          :     FÄME_angry audience_Tenor Drum I (0000012068117738)
[LOG] SoundI::release                          :     FÄME_angry audience_Tenor Drum I (000001215C782778)
[LOG] SoundI::release                          : FÄME_angry audience_Strings short (000001215C77F838)
[LOG] SoundI::release                          :     FÄME_angry audience_Strings short (0000012068119478)
[LOG] SoundI::release                          :     FÄME_angry audience_Strings short (000001215C77CE08)
[LOG] SoundI::release                          : FÄME_angry audience_Horns (000001215C77F328)
[LOG] SoundI::release                          :     FÄME_angry audience_Horns (0000012068117258)
[LOG] SoundI::release                          :     FÄME_angry audience_Horns (000001215C7825C8)
[LOG] SoundI::release                          : FÄME_angry audience_Contrabassoon (000001215C77EAB8)
[LOG] SoundI::release                          :     FÄME_angry audience_Contrabassoon (000001206811B018)
[LOG] SoundI::release                          :     FÄME_angry audience_Contrabassoon (000001215C7820B8)
[LOG] Thread::callback                         : FMOD Studio update thread finished.
[LOG] Thread::callback                         : FMOD Studio bank load thread finished.
[LOG] Profile::disconnectAll                   : Profiler disconnecting all clients
[LOG] Thread::callback                         : FMOD Studio sample load thread finished.
[LOG] LiveUpdate::release                      : 
[LOG] LiveUpdate::reset                        : Reset connection (reason Disconnected)
[LOG] Thread::callback                         : FMOD stream thread finished.
[LOG] Thread::callback                         : FMOD mixer thread finished.
[LOG] Profile::disconnectAll                   : Profiler disconnecting all clients
[LOG] SystemI::close                           : Closed.
